[2025-11-10T07:29:43.024Z] worker starting
[2025-11-10T07:29:43.046Z] processing a4b146be-575e-4582-892a-84e59817c51f echo hello
[2025-11-10T07:29:43.090Z] completed a4b146be-575e-4582-892a-84e59817c51f
[2025-11-10T07:30:07.471Z] worker SIGINT
[2025-11-10T07:30:07.654Z] worker shutting down gracefully
[2025-11-10T07:38:05.560Z] worker starting
[2025-11-10T07:38:05.575Z] processing 9ede6434-f096-47fa-8a33-b28d2560a752 echo hello
[2025-11-10T07:38:05.638Z] completed 9ede6434-f096-47fa-8a33-b28d2560a752
[2025-11-10T07:40:52.614Z] worker SIGINT
[2025-11-10T07:40:52.755Z] worker shutting down gracefully
[2025-11-10T07:41:03.218Z] worker starting
[2025-11-10T07:41:05.293Z] no more jobs — exiting
[2025-11-10T07:41:20.281Z] worker starting
[2025-11-10T07:41:20.298Z] processing 7e286cf1-7ff6-44c8-9541-0b48a3c8ea68 echo sleep
[2025-11-10T07:41:20.373Z] completed 7e286cf1-7ff6-44c8-9541-0b48a3c8ea68
[2025-11-10T07:41:22.430Z] no more jobs — exiting
[2025-11-10T08:18:53.737Z] started worker pid=9888
[2025-11-10T08:18:53.754Z] started worker pid=3864
[2025-11-10T08:18:53.770Z] started worker pid=8612
[2025-11-10T08:18:54.145Z] worker starting
[2025-11-10T08:18:54.170Z] worker starting
[2025-11-10T08:18:54.247Z] worker starting
[2025-11-10T08:18:56.213Z] no more jobs — exiting
[2025-11-10T08:18:56.247Z] no more jobs — exiting
[2025-11-10T08:18:56.325Z] no more jobs — exiting
[2025-11-10T08:20:35.630Z] started worker pid=23076
[2025-11-10T08:20:35.650Z] started worker pid=6924
[2025-11-10T08:20:35.667Z] started worker pid=10000
[2025-11-10T08:20:36.109Z] worker starting
[2025-11-10T08:20:36.144Z] worker starting
[2025-11-10T08:20:36.168Z] worker starting
[2025-11-10T08:20:38.194Z] no more jobs — exiting
[2025-11-10T08:20:38.209Z] no more jobs — exiting
[2025-11-10T08:20:38.255Z] no more jobs — exiting
[2025-11-10T08:34:46.044Z] started worker pid=16720
[2025-11-10T08:34:46.068Z] started worker pid=21428
[2025-11-10T08:34:46.084Z] started worker pid=17068
[2025-11-10T08:34:46.483Z] worker starting
[2025-11-10T08:34:46.498Z] processing 3a6b87ed-e22a-4cf7-8b7b-7d6cd8ffa62e echo Hello
[2025-11-10T08:34:46.525Z] worker starting
[2025-11-10T08:34:46.568Z] completed 3a6b87ed-e22a-4cf7-8b7b-7d6cd8ffa62e
[2025-11-10T08:34:46.607Z] worker starting
[2025-11-10T08:34:48.607Z] no more jobs — exiting
[2025-11-10T08:34:48.661Z] no more jobs — exiting
[2025-11-10T08:34:48.701Z] no more jobs — exiting
[2025-11-10T08:38:05.249Z] worker starting
[2025-11-10T08:38:07.786Z] no more jobs — exiting
[2025-11-10T08:53:21.571Z] worker starting
[2025-11-10T08:53:21.582Z] processing 8e2c56dd-ce8c-4a8e-98a0-9995a88bdcd5 echo success
[2025-11-10T08:53:21.630Z] completed 8e2c56dd-ce8c-4a8e-98a0-9995a88bdcd5
[2025-11-10T08:53:21.632Z] processing 472afaa3-8c27-4be3-a9f2-74ec49620572 exit 1
[2025-11-10T08:53:21.695Z] retry scheduled 472afaa3-8c27-4be3-a9f2-74ec49620572 in 2 s
[2025-11-10T08:53:23.752Z] processing 472afaa3-8c27-4be3-a9f2-74ec49620572 exit 1
[2025-11-10T08:53:23.796Z] retry scheduled 472afaa3-8c27-4be3-a9f2-74ec49620572 in 4 s
[2025-11-10T08:53:25.852Z] no more jobs — exiting
[2025-11-10T09:00:31.368Z] worker starting
[2025-11-10T09:00:31.378Z] processing 8f84c19a-6bdb-487d-80a6-52afc4ad6516 echo success
[2025-11-10T09:00:31.432Z] completed 8f84c19a-6bdb-487d-80a6-52afc4ad6516
[2025-11-10T09:00:31.434Z] processing 671209ad-8049-436e-a5d7-a630092a0ad3 exit 1
[2025-11-10T09:00:31.491Z] moved to DLQ 671209ad-8049-436e-a5d7-a630092a0ad3
[2025-11-10T09:00:33.627Z] no more jobs — exiting
